c:\users\david\source\repos\sfml\sfml\x64\debug\vc143.pdb
c:\users\david\source\repos\sfml\sfml\x64\debug\vc143.idb
c:\users\david\source\repos\sfml\sfml\x64\debug\windowmanager.obj
c:\users\david\source\repos\sfml\sfml\x64\debug\tilemapeditor.obj
c:\users\david\source\repos\sfml\sfml\x64\debug\tilemap.obj
c:\users\david\source\repos\sfml\sfml\x64\debug\texturemanager.obj
c:\users\david\source\repos\sfml\sfml\x64\debug\main.obj
c:\users\david\source\repos\sfml\sfml\x64\debug\resizablesprite.obj
c:\users\david\source\repos\sfml\sfml\x64\debug\inputhandler.obj
c:\users\david\source\repos\sfml\sfml\x64\debug\betterview.obj
c:\users\david\source\repos\sfml\sfml\x64\debug\editorui.obj
c:\users\david\source\repos\sfml\sfml\x64\debug\fontmanager.obj
c:\users\david\source\repos\sfml\sfml\x64\debug\button.obj
c:\users\david\source\repos\sfml\sfml\x64\debug\filedialog.obj
c:\users\david\source\repos\sfml\x64\debug\sfml.exe
c:\users\david\source\repos\sfml\sfml\x64\debug\sfml.ilk
c:\users\david\source\repos\sfml\x64\debug\sfml.pdb
c:\users\david\source\repos\sfml\sfml\x64\debug\sfml.obj
c:\users\david\source\repos\sfml\sfml\x64\debug\inputhandler.obj.enc
c:\users\david\source\repos\sfml\sfml\x64\debug\sfml.tlog\cl.command.1.tlog
c:\users\david\source\repos\sfml\sfml\x64\debug\sfml.tlog\cl.read.1.tlog
c:\users\david\source\repos\sfml\sfml\x64\debug\sfml.tlog\cl.write.1.tlog
c:\users\david\source\repos\sfml\sfml\x64\debug\sfml.tlog\link.command.1.tlog
c:\users\david\source\repos\sfml\sfml\x64\debug\sfml.tlog\link.read.1.tlog
c:\users\david\source\repos\sfml\sfml\x64\debug\sfml.tlog\link.write.1.tlog
